<?xml version="1.0" encoding="UTF-8" ?>
<testsuite tests="10" failures="0" name="stepdefs.TestRunner" time="0.196" errors="0" skipped="10">
  <properties>
[...]
</properties>
  <testcase classname="Login Feature" name="Verify that when user enters correct user name and password they should be able to login successfully" time="0.033">
    <skipped/>
    <system-out>@Login
Feature: Login Feature
  Description: This feature will be used to login to Simplilearn Application

  Scenario Outline: Verify that when user enters correct user name and password they should be able to login successfully # src/test/java/Features/Login.feature:5
    Given User has opened the Swaglab application
    When User enters username &quot;&lt;UserName&gt;&quot;
    And User enters password &quot;&lt;Password&gt;&quot;
    And User clicks on Login button
    Then User should be landed on the Products Page

    Examples: 

  @Login
  Scenario Outline: Verify that when user enters correct user name and password they should be able to login successfully # src/test/java/Features/Login.feature:14
    Given User has opened the Swaglab application                                                                         # null
    When User enters username &quot;standard_user&quot;                                                                             # null
    And User enters password &quot;secret_sauce&quot;                                                                               # null
    And User clicks on Login button                                                                                       # null
    Then User should be landed on the Products Page                                                                       # null
</system-out>
  </testcase>
  <testcase classname="Login Feature" name="Verify that when user enters correct user name and password they should be able to login successfully" time="0.034">
    <skipped/>
  </testcase>
  <testcase classname="Login Feature" name="Verify that when user enters correct user name and password they should be able to login successfully" time="0.034">
    <skipped/>
  </testcase>
  <testcase classname="Login Feature" name="Verify that when user enters correct user name and password they should be able to login successfully" time="0.034">
    <skipped/>
  </testcase>
  <testcase classname="Login Feature" name="Verify that when user enters correct user name and password they should be able to login successfully" time="0.034">
    <skipped/>
  </testcase>
  <testcase classname="Login Feature" name="Verify that when user enters Wrong user name and password they should be able to login successfully" time="0.005">
    <skipped/>
    <system-out>
  Scenario Outline: Verify that when user enters Wrong user name and password they should be able to login successfully # src/test/java/Features/Login.feature:17
    Given User has opened the Swaglab application
    When User enters username &quot;&lt;UserName&gt;&quot;
    And User enters password &quot;&lt;Password&gt;&quot;
    And User clicks on Login button
    Then User should be getting the &quot;&lt;Error&gt;&quot;

    Examples: 

  @Login
  Scenario Outline: Verify that when user enters Wrong user name and password they should be able to login successfully # src/test/java/Features/Login.feature:26
    Given User has opened the Swaglab application                                                                       # null
    When User enters username &quot;standard_user&quot;                                                                           # null
    And User enters password &quot;secret&quot;                                                                                   # null
    And User clicks on Login button                                                                                     # null
    Then User should be getting the &quot;Epic sadface: Username and password do not match any user in this service&quot;         # null
</system-out>
  </testcase>
  <testcase classname="Login Feature" name="Verify that when user enters Wrong user name and password they should be able to login successfully" time="0.005">
    <skipped/>
  </testcase>
  <testcase classname="Login Feature" name="Verify that when user enters Wrong user name and password they should be able to login successfully" time="0.005">
    <skipped/>
  </testcase>
  <testcase classname="Login Feature" name="Verify that when user enters Wrong user name and password they should be able to login successfully" time="0.006">
    <skipped/>
  </testcase>
  <testcase classname="Login Feature" name="Verify that when user enters Wrong user name and password they should be able to login successfully" time="0.006">
    <skipped/>
  </testcase>
</testsuite>